<?xml version="1.0" encoding="UTF-8"?>
<testng-results ignored="0" total="4" passed="2" failed="2" skipped="0">
  <reporter-output>
  </reporter-output>
  <suite started-at="2023-05-18T14:14:12 IST" name="Surefire suite" finished-at="2023-05-18T14:18:20 IST" duration-ms="248411">
    <groups>
      <group name="regression">
        <method signature="HomePageTest.addContactAndAddToFavorites()[pri:0, instance:com.qm.android.testcases.HomePageTest@36902638]" name="addContactAndAddToFavorites" class="com.qm.android.testcases.HomePageTest"/>
        <method signature="HomePageTest.addContactAndDeleteContact()[pri:0, instance:com.qm.android.testcases.HomePageTest@36902638]" name="addContactAndDeleteContact" class="com.qm.android.testcases.HomePageTest"/>
        <method signature="HomePageTest.addContactAndVerifyContactDetails()[pri:0, instance:com.qm.android.testcases.HomePageTest@36902638]" name="addContactAndVerifyContactDetails" class="com.qm.android.testcases.HomePageTest"/>
        <method signature="HomePageTest.sendSmsToContact()[pri:0, instance:com.qm.android.testcases.HomePageTest@36902638]" name="sendSmsToContact" class="com.qm.android.testcases.HomePageTest"/>
      </group> <!-- regression -->
    </groups>
    <test started-at="2023-05-18T14:14:12 IST" name="Surefire test" finished-at="2023-05-18T14:18:20 IST" duration-ms="248411">
      <class name="com.qm.android.testcases.HomePageTest">
        <test-method signature="addContactAndAddToFavorites()[pri:0, instance:com.qm.android.testcases.HomePageTest@36902638]" started-at="2023-05-18T14:14:12 IST" name="addContactAndAddToFavorites" description="addContactAndAddToFavorites" finished-at="2023-05-18T14:14:55 IST" duration-ms="42989" status="PASS">
          <reporter-output>
          </reporter-output>
        </test-method> <!-- addContactAndAddToFavorites -->
        <test-method signature="addContactAndDeleteContact()[pri:0, instance:com.qm.android.testcases.HomePageTest@36902638]" started-at="2023-05-18T14:14:56 IST" name="addContactAndDeleteContact" description="addContactAndDeleteContact" finished-at="2023-05-18T14:16:14 IST" duration-ms="77955" status="FAIL">
          <exception class="org.openqa.selenium.TimeoutException">
            <message>
              <![CDATA[Expected condition failed: waiting for visibility of element located by By.xpath: //android.widget.TextView[@text='No results'] (tried for 30 second(s) with 500 milliseconds interval)
Build info: version: '4.9.1', revision: 'eb2032df7f'
System info: os.name: 'Windows 11', os.arch: 'amd64', os.version: '10.0', java.version: '17.0.4'
Driver info: io.appium.java_client.android.AndroidDriver
Capabilities {appium:appActivity: com.android.contacts.activi..., appium:appPackage: com.google.android.contacts, appium:automationName: UiAutomator2, appium:databaseEnabled: false, appium:desired: {appActivity: com.android.contacts.activi..., appPackage: com.google.android.contacts, automationName: UiAutomator2, noReset: false, orientation: PORTRAIT, platformName: ANDROID, platformVersion: 10, udid: 192.168.27.101:5555}, appium:deviceApiLevel: 30, appium:deviceManufacturer: Genymobile, appium:deviceModel: Nexus 4, appium:deviceName: 192.168.27.101:5555, appium:deviceScreenDensity: 320, appium:deviceScreenSize: 768x1280, appium:deviceUDID: 192.168.27.101:5555, appium:javascriptEnabled: true, appium:locationContextEnabled: false, appium:networkConnectionEnabled: true, appium:noReset: false, appium:orientation: PORTRAIT, appium:pixelRatio: 2, appium:platformVersion: 11, appium:statBarHeight: 48, appium:takesScreenshot: true, appium:udid: 192.168.27.101:5555, appium:viewportRect: {height: 1136, left: 0, top: 48, width: 768}, appium:warnings: {}, appium:webStorageEnabled: false, platformName: ANDROID}
Session ID: 08010965-fa0e-417b-8fbb-66849c262342]]>
            </message>
            <full-stacktrace>
              <![CDATA[org.openqa.selenium.TimeoutException: Expected condition failed: waiting for visibility of element located by By.xpath: //android.widget.TextView[@text='No results'] (tried for 30 second(s) with 500 milliseconds interval)
Build info: version: '4.9.1', revision: 'eb2032df7f'
System info: os.name: 'Windows 11', os.arch: 'amd64', os.version: '10.0', java.version: '17.0.4'
Driver info: io.appium.java_client.android.AndroidDriver
Capabilities {appium:appActivity: com.android.contacts.activi..., appium:appPackage: com.google.android.contacts, appium:automationName: UiAutomator2, appium:databaseEnabled: false, appium:desired: {appActivity: com.android.contacts.activi..., appPackage: com.google.android.contacts, automationName: UiAutomator2, noReset: false, orientation: PORTRAIT, platformName: ANDROID, platformVersion: 10, udid: 192.168.27.101:5555}, appium:deviceApiLevel: 30, appium:deviceManufacturer: Genymobile, appium:deviceModel: Nexus 4, appium:deviceName: 192.168.27.101:5555, appium:deviceScreenDensity: 320, appium:deviceScreenSize: 768x1280, appium:deviceUDID: 192.168.27.101:5555, appium:javascriptEnabled: true, appium:locationContextEnabled: false, appium:networkConnectionEnabled: true, appium:noReset: false, appium:orientation: PORTRAIT, appium:pixelRatio: 2, appium:platformVersion: 11, appium:statBarHeight: 48, appium:takesScreenshot: true, appium:udid: 192.168.27.101:5555, appium:viewportRect: {height: 1136, left: 0, top: 48, width: 768}, appium:warnings: {}, appium:webStorageEnabled: false, platformName: ANDROID}
Session ID: 08010965-fa0e-417b-8fbb-66849c262342
at org.openqa.selenium.support.ui.WebDriverWait.timeoutException(WebDriverWait.java:87)
at org.openqa.selenium.support.ui.FluentWait.until(FluentWait.java:231)
at com.qm.android.utils.MobileActions.waitForVisible(MobileActions.java:72)
at com.qm.android.utils.MobileActions.isDisplayed(MobileActions.java:432)
at com.qm.android.screens.HomePage.deleteContact(HomePage.java:41)
at com.qm.android.testcases.HomePageTest.addContactAndDeleteContact(HomePageTest.java:32)
at java.base/jdk.internal.reflect.NativeMethodAccessorImpl.invoke0(Native Method)
at java.base/jdk.internal.reflect.NativeMethodAccessorImpl.invoke(NativeMethodAccessorImpl.java:77)
at java.base/jdk.internal.reflect.DelegatingMethodAccessorImpl.invoke(DelegatingMethodAccessorImpl.java:43)
at java.base/java.lang.reflect.Method.invoke(Method.java:568)
at org.testng.internal.invokers.MethodInvocationHelper.invokeMethod(MethodInvocationHelper.java:139)
at org.testng.internal.invokers.TestInvoker.invokeMethod(TestInvoker.java:677)
at org.testng.internal.invokers.TestInvoker.invokeTestMethod(TestInvoker.java:221)
at org.testng.internal.invokers.MethodRunner.runInSequence(MethodRunner.java:50)
at org.testng.internal.invokers.TestInvoker$MethodInvocationAgent.invoke(TestInvoker.java:969)
at org.testng.internal.invokers.TestInvoker.invokeTestMethods(TestInvoker.java:194)
at org.testng.internal.invokers.TestMethodWorker.invokeTestMethods(TestMethodWorker.java:148)
at org.testng.internal.invokers.TestMethodWorker.run(TestMethodWorker.java:128)
at java.base/java.util.ArrayList.forEach(ArrayList.java:1511)
at org.testng.TestRunner.privateRun(TestRunner.java:829)
at org.testng.TestRunner.run(TestRunner.java:602)
at org.testng.SuiteRunner.runTest(SuiteRunner.java:437)
at org.testng.SuiteRunner.runSequentially(SuiteRunner.java:431)
at org.testng.SuiteRunner.privateRun(SuiteRunner.java:391)
at org.testng.SuiteRunner.run(SuiteRunner.java:330)
at org.testng.SuiteRunnerWorker.runSuite(SuiteRunnerWorker.java:52)
at org.testng.SuiteRunnerWorker.run(SuiteRunnerWorker.java:95)
at org.testng.TestNG.runSuitesSequentially(TestNG.java:1256)
at org.testng.TestNG.runSuitesLocally(TestNG.java:1176)
at org.testng.TestNG.runSuites(TestNG.java:1099)
at org.testng.TestNG.run(TestNG.java:1067)
at org.apache.maven.surefire.testng.TestNGExecutor.run(TestNGExecutor.java:151)
at org.apache.maven.surefire.testng.TestNGDirectoryTestSuite.executeMulti(TestNGDirectoryTestSuite.java:192)
at org.apache.maven.surefire.testng.TestNGDirectoryTestSuite.execute(TestNGDirectoryTestSuite.java:93)
at org.apache.maven.surefire.testng.TestNGProvider.invoke(TestNGProvider.java:155)
at org.apache.maven.surefire.booter.ForkedBooter.runSuitesInProcess(ForkedBooter.java:456)
at org.apache.maven.surefire.booter.ForkedBooter.execute(ForkedBooter.java:169)
at org.apache.maven.surefire.booter.ForkedBooter.run(ForkedBooter.java:595)
at org.apache.maven.surefire.booter.ForkedBooter.main(ForkedBooter.java:581)
]]>
            </full-stacktrace>
          </exception> <!-- org.openqa.selenium.TimeoutException -->
          <reporter-output>
          </reporter-output>
        </test-method> <!-- addContactAndDeleteContact -->
        <test-method signature="addContactAndVerifyContactDetails()[pri:0, instance:com.qm.android.testcases.HomePageTest@36902638]" started-at="2023-05-18T14:16:15 IST" name="addContactAndVerifyContactDetails" description="addContactAndVerifyContactDetails" finished-at="2023-05-18T14:16:42 IST" duration-ms="26869" status="PASS">
          <reporter-output>
          </reporter-output>
        </test-method> <!-- addContactAndVerifyContactDetails -->
        <test-method signature="sendSmsToContact()[pri:0, instance:com.qm.android.testcases.HomePageTest@36902638]" started-at="2023-05-18T14:16:44 IST" name="sendSmsToContact" description="sendSmsToContact" finished-at="2023-05-18T14:18:18 IST" duration-ms="93966" status="FAIL">
          <exception class="org.openqa.selenium.TimeoutException">
            <message>
              <![CDATA[Expected condition failed: waiting for visibility of element located by By.xpath: //android.widget.LinearLayout[@content-desc="Send SMS"]/android.widget.LinearLayout/android.widget.LinearLayout/android.widget.ImageView (tried for 30 second(s) with 500 milliseconds interval)
Build info: version: '4.9.1', revision: 'eb2032df7f'
System info: os.name: 'Windows 11', os.arch: 'amd64', os.version: '10.0', java.version: '17.0.4'
Driver info: io.appium.java_client.android.AndroidDriver
Capabilities {appium:appActivity: com.android.contacts.activi..., appium:appPackage: com.google.android.contacts, appium:automationName: UiAutomator2, appium:databaseEnabled: false, appium:desired: {appActivity: com.android.contacts.activi..., appPackage: com.google.android.contacts, automationName: UiAutomator2, noReset: false, orientation: PORTRAIT, platformName: ANDROID, platformVersion: 10, udid: 192.168.27.101:5555}, appium:deviceApiLevel: 30, appium:deviceManufacturer: Genymobile, appium:deviceModel: Nexus 4, appium:deviceName: 192.168.27.101:5555, appium:deviceScreenDensity: 320, appium:deviceScreenSize: 768x1280, appium:deviceUDID: 192.168.27.101:5555, appium:javascriptEnabled: true, appium:locationContextEnabled: false, appium:networkConnectionEnabled: true, appium:noReset: false, appium:orientation: PORTRAIT, appium:pixelRatio: 2, appium:platformVersion: 11, appium:statBarHeight: 48, appium:takesScreenshot: true, appium:udid: 192.168.27.101:5555, appium:viewportRect: {height: 1136, left: 0, top: 48, width: 768}, appium:warnings: {}, appium:webStorageEnabled: false, platformName: ANDROID}
Session ID: 44db05d9-f8e0-41bb-8eb7-dde9c2d66cd1]]>
            </message>
            <full-stacktrace>
              <![CDATA[org.openqa.selenium.TimeoutException: Expected condition failed: waiting for visibility of element located by By.xpath: //android.widget.LinearLayout[@content-desc="Send SMS"]/android.widget.LinearLayout/android.widget.LinearLayout/android.widget.ImageView (tried for 30 second(s) with 500 milliseconds interval)
Build info: version: '4.9.1', revision: 'eb2032df7f'
System info: os.name: 'Windows 11', os.arch: 'amd64', os.version: '10.0', java.version: '17.0.4'
Driver info: io.appium.java_client.android.AndroidDriver
Capabilities {appium:appActivity: com.android.contacts.activi..., appium:appPackage: com.google.android.contacts, appium:automationName: UiAutomator2, appium:databaseEnabled: false, appium:desired: {appActivity: com.android.contacts.activi..., appPackage: com.google.android.contacts, automationName: UiAutomator2, noReset: false, orientation: PORTRAIT, platformName: ANDROID, platformVersion: 10, udid: 192.168.27.101:5555}, appium:deviceApiLevel: 30, appium:deviceManufacturer: Genymobile, appium:deviceModel: Nexus 4, appium:deviceName: 192.168.27.101:5555, appium:deviceScreenDensity: 320, appium:deviceScreenSize: 768x1280, appium:deviceUDID: 192.168.27.101:5555, appium:javascriptEnabled: true, appium:locationContextEnabled: false, appium:networkConnectionEnabled: true, appium:noReset: false, appium:orientation: PORTRAIT, appium:pixelRatio: 2, appium:platformVersion: 11, appium:statBarHeight: 48, appium:takesScreenshot: true, appium:udid: 192.168.27.101:5555, appium:viewportRect: {height: 1136, left: 0, top: 48, width: 768}, appium:warnings: {}, appium:webStorageEnabled: false, platformName: ANDROID}
Session ID: 44db05d9-f8e0-41bb-8eb7-dde9c2d66cd1
at org.openqa.selenium.support.ui.WebDriverWait.timeoutException(WebDriverWait.java:87)
at org.openqa.selenium.support.ui.FluentWait.until(FluentWait.java:231)
at com.qm.android.utils.MobileActions.waitForVisible(MobileActions.java:72)
at com.qm.android.utils.MobileActions.click(MobileActions.java:84)
at com.qm.android.screens.HomePage.sendSmsToContact(HomePage.java:128)
at com.qm.android.testcases.HomePageTest.sendSmsToContact(HomePageTest.java:56)
at java.base/jdk.internal.reflect.NativeMethodAccessorImpl.invoke0(Native Method)
at java.base/jdk.internal.reflect.NativeMethodAccessorImpl.invoke(NativeMethodAccessorImpl.java:77)
at java.base/jdk.internal.reflect.DelegatingMethodAccessorImpl.invoke(DelegatingMethodAccessorImpl.java:43)
at java.base/java.lang.reflect.Method.invoke(Method.java:568)
at org.testng.internal.invokers.MethodInvocationHelper.invokeMethod(MethodInvocationHelper.java:139)
at org.testng.internal.invokers.TestInvoker.invokeMethod(TestInvoker.java:677)
at org.testng.internal.invokers.TestInvoker.invokeTestMethod(TestInvoker.java:221)
at org.testng.internal.invokers.MethodRunner.runInSequence(MethodRunner.java:50)
at org.testng.internal.invokers.TestInvoker$MethodInvocationAgent.invoke(TestInvoker.java:969)
at org.testng.internal.invokers.TestInvoker.invokeTestMethods(TestInvoker.java:194)
at org.testng.internal.invokers.TestMethodWorker.invokeTestMethods(TestMethodWorker.java:148)
at org.testng.internal.invokers.TestMethodWorker.run(TestMethodWorker.java:128)
at java.base/java.util.ArrayList.forEach(ArrayList.java:1511)
at org.testng.TestRunner.privateRun(TestRunner.java:829)
at org.testng.TestRunner.run(TestRunner.java:602)
at org.testng.SuiteRunner.runTest(SuiteRunner.java:437)
at org.testng.SuiteRunner.runSequentially(SuiteRunner.java:431)
at org.testng.SuiteRunner.privateRun(SuiteRunner.java:391)
at org.testng.SuiteRunner.run(SuiteRunner.java:330)
at org.testng.SuiteRunnerWorker.runSuite(SuiteRunnerWorker.java:52)
at org.testng.SuiteRunnerWorker.run(SuiteRunnerWorker.java:95)
at org.testng.TestNG.runSuitesSequentially(TestNG.java:1256)
at org.testng.TestNG.runSuitesLocally(TestNG.java:1176)
at org.testng.TestNG.runSuites(TestNG.java:1099)
at org.testng.TestNG.run(TestNG.java:1067)
at org.apache.maven.surefire.testng.TestNGExecutor.run(TestNGExecutor.java:151)
at org.apache.maven.surefire.testng.TestNGDirectoryTestSuite.executeMulti(TestNGDirectoryTestSuite.java:192)
at org.apache.maven.surefire.testng.TestNGDirectoryTestSuite.execute(TestNGDirectoryTestSuite.java:93)
at org.apache.maven.surefire.testng.TestNGProvider.invoke(TestNGProvider.java:155)
at org.apache.maven.surefire.booter.ForkedBooter.runSuitesInProcess(ForkedBooter.java:456)
at org.apache.maven.surefire.booter.ForkedBooter.execute(ForkedBooter.java:169)
at org.apache.maven.surefire.booter.ForkedBooter.run(ForkedBooter.java:595)
at org.apache.maven.surefire.booter.ForkedBooter.main(ForkedBooter.java:581)
]]>
            </full-stacktrace>
          </exception> <!-- org.openqa.selenium.TimeoutException -->
          <reporter-output>
          </reporter-output>
        </test-method> <!-- sendSmsToContact -->
      </class> <!-- com.qm.android.testcases.HomePageTest -->
    </test> <!-- Surefire test -->
  </suite> <!-- Surefire suite -->
</testng-results>
